<?xml version="1.0" encoding="UTF-8"?>
<testng-results ignored="0" total="1" passed="1" failed="0" skipped="0">
  <reporter-output>
  </reporter-output>
  <suite started-at="2025-08-30T03:07:50 EDT" name="Default suite" finished-at="2025-08-30T03:08:36 EDT" duration-ms="46372">
    <groups>
    </groups>
    <test started-at="2025-08-30T03:07:50 EDT" name="Default test" finished-at="2025-08-30T03:08:36 EDT" duration-ms="46372">
      <class name="com.balsam.tests.BalsamCartTest">
        <test-method is-config="true" signature="setup()[pri:0, instance:com.balsam.tests.BalsamCartTest@1046d517]" started-at="2025-08-30T03:07:50 EDT" name="setup" finished-at="2025-08-30T03:07:54 EDT" duration-ms="4121" status="PASS">
          <reporter-output>
          </reporter-output>
        </test-method> <!-- setup -->
        <test-method signature="searchChristmasTree()[pri:0, instance:com.balsam.tests.BalsamCartTest@1046d517]" started-at="2025-08-30T03:07:54 EDT" name="searchChristmasTree" finished-at="2025-08-30T03:08:35 EDT" duration-ms="41430" status="PASS">
          <reporter-output>
          </reporter-output>
        </test-method> <!-- searchChristmasTree -->
        <test-method is-config="true" signature="afterMethod()[pri:0, instance:com.balsam.tests.BalsamCartTest@1046d517]" started-at="2025-08-30T03:08:35 EDT" name="afterMethod" finished-at="2025-08-30T03:08:36 EDT" duration-ms="434" status="PASS">
          <reporter-output>
          </reporter-output>
        </test-method> <!-- afterMethod -->
        <test-method is-config="true" signature="teardown()[pri:0, instance:com.balsam.tests.BalsamCartTest@1046d517]" started-at="2025-08-30T03:08:36 EDT" name="teardown" finished-at="2025-08-30T03:08:36 EDT" duration-ms="348" status="PASS">
          <reporter-output>
          </reporter-output>
        </test-method> <!-- teardown -->
      </class> <!-- com.balsam.tests.BalsamCartTest -->
    </test> <!-- Default test -->
  </suite> <!-- Default suite -->
</testng-results>
